[    0.000000] Initializing cgroup subsys cpuset
[    0.000000] Initializing cgroup subsys cpu
[    0.000000] Initializing cgroup subsys cpuacct
[    0.000000] Linux version 4.4.0-142-generic (buildd@lgw01-amd64-033) (gcc version 5.4.0 20160609 (Ubuntu 5.4.0-6ubuntu1~16.04.10) ) #168-Ubuntu SMP Wed Jan 16 21:00:45 UTC 2019 (Ubuntu 4.4.0-142.168-generic 4.4.167)
[    0.000000] Command line: BOOT_IMAGE=/boot/vmlinuz-4.4.0-142-generic root=LABEL=cloudimg-rootfs ro console=tty1 console=ttyS0
[    0.000000] KERNEL supported cpus:
[    0.000000]   Intel GenuineIntel
[    0.000000]   AMD AuthenticAMD
[    0.000000]   Centaur CentaurHauls
[    0.000000] x86/fpu: xstate_offset[2]:  576, xstate_sizes[2]:  256
[    0.000000] x86/fpu: Supporting XSAVE feature 0x01: 'x87 floating point registers'
[    0.000000] x86/fpu: Supporting XSAVE feature 0x02: 'SSE registers'
[    0.000000] x86/fpu: Supporting XSAVE feature 0x04: 'AVX registers'
[    0.000000] x86/fpu: Enabled xstate features 0x7, context size is 832 bytes, using 'standard' format.
[    0.000000] e820: BIOS-provided physical RAM map:
[    0.000000] BIOS-e820: [mem 0x0000000000000000-0x000000000009fbff] usable
[    0.000000] BIOS-e820: [mem 0x000000000009fc00-0x000000000009ffff] reserved
[    0.000000] BIOS-e820: [mem 0x00000000000f0000-0x00000000000fffff] reserved
[    0.000000] BIOS-e820: [mem 0x0000000000100000-0x000000003ffeffff] usable
[    0.000000] BIOS-e820: [mem 0x000000003fff0000-0x000000003fffffff] ACPI data
[    0.000000] BIOS-e820: [mem 0x00000000fec00000-0x00000000fec00fff] reserved
[    0.000000] BIOS-e820: [mem 0x00000000fee00000-0x00000000fee00fff] reserved
[    0.000000] BIOS-e820: [mem 0x00000000fffc0000-0x00000000ffffffff] reserved
[    0.000000] NX (Execute Disable) protection: active
[    0.000000] SMBIOS 2.5 present.
[    0.000000] Hypervisor detected: KVM
[    0.000000] Kernel/User page tables isolation: disabled
[    0.000000] e820: last_pfn = 0x3fff0 max_arch_pfn = 0x400000000
[    0.000000] MTRR: Disabled
[    0.000000] x86/PAT: MTRRs disabled, skipping PAT initialization too.
[    0.000000] CPU MTRRs all blank - virtualized system.
[    0.000000] x86/PAT: Configuration [0-7]: WB  WT  UC- UC  WB  WT  UC- UC  
[    0.000000] found SMP MP-table at [mem 0x0009fff0-0x0009ffff] mapped at [ffff88000009fff0]
[    0.000000] Scanning 1 areas for low memory corruption
[    0.000000] RAMDISK: [mem 0x36308000-0x3717bfff]
[    0.000000] ACPI: Early table checksum verification disabled
[    0.000000] ACPI: RSDP 0x00000000000E0000 000024 (v02 VBOX  )
[    0.000000] ACPI: XSDT 0x000000003FFF0030 00003C (v01 VBOX   VBOXXSDT 00000001 ASL  00000061)
[    0.000000] ACPI: FACP 0x000000003FFF00F0 0000F4 (v04 VBOX   VBOXFACP 00000001 ASL  00000061)
[    0.000000] ACPI: DSDT 0x000000003FFF0470 0021FF (v02 VBOX   VBOXBIOS 00000002 INTL 20100528)
[    0.000000] ACPI: FACS 0x000000003FFF0200 000040
[    0.000000] ACPI: FACS 0x000000003FFF0200 000040
[    0.000000] ACPI: APIC 0x000000003FFF0240 000054 (v02 VBOX   VBOXAPIC 00000001 ASL  00000061)
[    0.000000] ACPI: SSDT 0x000000003FFF02A0 0001CC (v01 VBOX   VBOXCPUT 00000002 INTL 20100528)
[    0.000000] No NUMA configuration found
[    0.000000] Faking a node at [mem 0x0000000000000000-0x000000003ffeffff]
[    0.000000] NODE_DATA(0) allocated [mem 0x3ffeb000-0x3ffeffff]
[    0.000000] kvm-clock: Using msrs 4b564d01 and 4b564d00
[    0.000000] kvm-clock: cpu 0, msr 0:3ffe3001, primary cpu clock
[    0.000000] kvm-clock: using sched offset of 6557615175 cycles
[    0.000000] clocksource: kvm-clock: mask: 0xffffffffffffffff max_cycles: 0x1cd42e4dffb, max_idle_ns: 881590591483 ns
[    0.000000] Zone ranges:
[    0.000000]   DMA      [mem 0x0000000000001000-0x0000000000ffffff]
[    0.000000]   DMA32    [mem 0x0000000001000000-0x000000003ffeffff]
[    0.000000]   Normal   empty
[    0.000000]   Device   empty
[    0.000000] Movable zone start for each node
[    0.000000] Early memory node ranges
[    0.000000]   node   0: [mem 0x0000000000001000-0x000000000009efff]
[    0.000000]   node   0: [mem 0x0000000000100000-0x000000003ffeffff]
[    0.000000] Initmem setup node 0 [mem 0x0000000000001000-0x000000003ffeffff]
[    0.000000] ACPI: PM-Timer IO Port: 0x4008
[    0.000000] IOAPIC[0]: apic_id 1, version 32, address 0xfec00000, GSI 0-23
[    0.000000] ACPI: INT_SRC_OVR (bus 0 bus_irq 0 global_irq 2 dfl dfl)
[    0.000000] ACPI: INT_SRC_OVR (bus 0 bus_irq 9 global_irq 9 low level)
[    0.000000] Using ACPI (MADT) for SMP configuration information
[    0.000000] smpboot: Allowing 1 CPUs, 0 hotplug CPUs
[    0.000000] PM: Registered nosave memory: [mem 0x00000000-0x00000fff]
[    0.000000] PM: Registered nosave memory: [mem 0x0009f000-0x0009ffff]
[    0.000000] PM: Registered nosave memory: [mem 0x000a0000-0x000effff]
[    0.000000] PM: Registered nosave memory: [mem 0x000f0000-0x000fffff]
[    0.000000] e820: [mem 0x40000000-0xfebfffff] available for PCI devices
[    0.000000] Booting paravirtualized kernel on KVM
[    0.000000] clocksource: refined-jiffies: mask: 0xffffffff max_cycles: 0xffffffff, max_idle_ns: 7645519600211568 ns
[    0.000000] setup_percpu: NR_CPUS:512 nr_cpumask_bits:512 nr_cpu_ids:1 nr_node_ids:1
[    0.000000] PERCPU: Embedded 34 pages/cpu @ffff88003fc00000 s99480 r8192 d31592 u2097152
[    0.000000] Built 1 zonelists in Node order, mobility grouping on.  Total pages: 257912
[    0.000000] Policy zone: DMA32
[    0.000000] Kernel command line: BOOT_IMAGE=/boot/vmlinuz-4.4.0-142-generic root=LABEL=cloudimg-rootfs ro console=tty1 console=ttyS0
[    0.000000] PID hash table entries: 4096 (order: 3, 32768 bytes)
[    0.000000] Memory: 997868K/1048120K available (8603K kernel code, 1332K rwdata, 4004K rodata, 1484K init, 1316K bss, 50252K reserved, 0K cma-reserved)
[    0.000000] SLUB: HWalign=64, Order=0-3, MinObjects=0, CPUs=1, Nodes=1
[    0.000000] Hierarchical RCU implementation.
[    0.000000] 	Build-time adjustment of leaf fanout to 64.
[    0.000000] 	RCU restricting CPUs from NR_CPUS=512 to nr_cpu_ids=1.
[    0.000000] RCU: Adjusting geometry for rcu_fanout_leaf=64, nr_cpu_ids=1
[    0.000000] NR_IRQS:33024 nr_irqs:256 16
[    0.000000] Console: colour VGA+ 80x25
[    0.000000] console [tty1] enabled
[    0.000000] console [ttyS0] enabled
[    0.000000] tsc: Detected 2096.082 MHz processor
[    1.349761] Calibrating delay loop (skipped) preset value.. 4192.16 BogoMIPS (lpj=8384328)
[    1.373620] pid_max: default: 32768 minimum: 301
[    1.381500] ACPI: Core revision 20150930
[    1.391665] ACPI: 2 ACPI AML tables successfully acquired and loaded
[    1.407151] Security Framework initialized
[    1.415822] Yama: becoming mindful.
[    1.432882] AppArmor: AppArmor initialized
[    1.452556] Dentry cache hash table entries: 131072 (order: 8, 1048576 bytes)
[    1.470788] Inode-cache hash table entries: 65536 (order: 7, 524288 bytes)
[    1.501645] Mount-cache hash table entries: 2048 (order: 2, 16384 bytes)
[    1.516419] Mountpoint-cache hash table entries: 2048 (order: 2, 16384 bytes)
[    1.542607] Initializing cgroup subsys io
[    1.563103] Initializing cgroup subsys memory
[    1.579698] Initializing cgroup subsys devices
[    1.588317] Initializing cgroup subsys freezer
[    1.597910] Initializing cgroup subsys net_cls
[    1.606403] Initializing cgroup subsys perf_event
[    1.619685] Initializing cgroup subsys net_prio
[    1.635461] Initializing cgroup subsys hugetlb
[    1.644789] Initializing cgroup subsys pids
[    1.653297] mce: CPU supports 0 MCE banks
[    1.669020] Last level iTLB entries: 4KB 512, 2MB 1024, 4MB 512
[    1.679445] Last level dTLB entries: 4KB 1024, 2MB 1024, 4MB 512, 1GB 0
[    1.693287] Spectre V2 : Spectre mitigation: LFENCE not serializing. Switching to generic retpoline
[    1.713845] Spectre V2 : Mitigation: Full generic retpoline
[    1.725164] Spectre V2 : Spectre v2 / SpectreRSB mitigation: Filling RSB on context switch
[    1.753338] Speculative Store Bypass: Mitigation: Speculative Store Bypass disabled via prctl and seccomp
[    1.957396] Freeing SMP alternatives memory: 32K
[    2.048291] ftrace: allocating 32277 entries in 127 pages
[    2.583410] smpboot: APIC(0) Converting physical 0 to logical package 0
[    2.604121] smpboot: Max logical packages: 1
[    2.620609] x2apic enabled
[    2.630667] Switched APIC routing to physical x2apic.
[    2.660326] ..TIMER: vector=0x30 apic1=0 pin1=2 apic2=-1 pin2=-1
[    2.794692] smpboot: CPU0: AMD A10-5745M APU with Radeon(tm) HD Graphics (family: 0x15, model: 0x13, stepping: 0x1)
[    2.839385] Performance Events: Broken PMU hardware detected, using software events only.
[    2.854874] Failed to access perfctr msr (MSR c0010007 is 0)
[    2.978179] KVM setup paravirtual spinlock
[    2.993698] x86: Booted up 1 node, 1 CPUs
[    3.007367] smpboot: Total of 1 processors activated (4192.16 BogoMIPS)
[    3.020966] devtmpfs: initialized
[    3.036487] evm: security.selinux
[    3.047640] evm: security.SMACK64
[    3.053309] evm: security.SMACK64EXEC
[    3.060784] evm: security.SMACK64TRANSMUTE
[    3.072704] evm: security.SMACK64MMAP
[    3.086461] evm: security.ima
[    3.096387] evm: security.capability
[    3.119168] clocksource: jiffies: mask: 0xffffffff max_cycles: 0xffffffff, max_idle_ns: 7645041785100000 ns
[    3.141956] futex hash table entries: 256 (order: 2, 16384 bytes)
[    3.152176] pinctrl core: initialized pinctrl subsystem
[    3.175478] RTC time: 20:48:58, date: 02/20/19
[    3.185806] NET: Registered protocol family 16
[    3.197576] cpuidle: using governor ladder
[    3.230305] cpuidle: using governor menu
[    3.244992] PCCT header not found.
[    3.257733] ACPI: bus type PCI registered
[    3.276759] acpiphp: ACPI Hot Plug PCI Controller Driver version: 0.5
[    3.297207] PCI: Using configuration type 1 for base access
[    3.305669] PCI: Using configuration type 1 for extended access
[    3.326775] ACPI: Added _OSI(Module Device)
[    3.342545] ACPI: Added _OSI(Processor Device)
[    3.356374] ACPI: Added _OSI(3.0 _SCP Extensions)
[    3.370358] ACPI: Added _OSI(Processor Aggregator Device)
[    3.391040] ACPI: Executed 1 blocks of module-level executable AML code
[    3.421194] ACPI: Interpreter enabled
[    3.430360] ACPI: (supports S0 S5)
[    3.437355] ACPI: Using IOAPIC for interrupt routing
[    3.453633] PCI: Using host bridge windows from ACPI; if necessary, use "pci=nocrs" and report a bug
[    3.493060] ACPI: PCI Root Bridge [PCI0] (domain 0000 [bus 00-ff])
[    3.517782] acpi PNP0A03:00: _OSC: OS supports [ExtendedConfig ASPM ClockPM Segments MSI]
[    3.547751] acpi PNP0A03:00: _OSC: OS now controls [PCIeHotplug PME AER PCIeCapability]
[    3.570716] PCI host bridge to bus 0000:00
[    3.596593] pci_bus 0000:00: root bus resource [io  0x0000-0x0cf7 window]
[    3.611204] pci_bus 0000:00: root bus resource [io  0x0d00-0xffff window]
[    3.620692] pci_bus 0000:00: root bus resource [mem 0x000a0000-0x000bffff window]
[    3.636680] pci_bus 0000:00: root bus resource [mem 0x40000000-0xfdffffff window]
[    3.650178] pci_bus 0000:00: root bus resource [bus 00-ff]
[    3.674181] pci 0000:00:01.1: legacy IDE quirk: reg 0x10: [io  0x01f0-0x01f7]
[    3.690237] pci 0000:00:01.1: legacy IDE quirk: reg 0x14: [io  0x03f6]
[    3.700428] pci 0000:00:01.1: legacy IDE quirk: reg 0x18: [io  0x0170-0x0177]
[    3.721978] pci 0000:00:01.1: legacy IDE quirk: reg 0x1c: [io  0x0376]
[    3.816642] pci 0000:00:07.0: quirk: [io  0x4000-0x403f] claimed by PIIX4 ACPI
[    3.913803] pci 0000:00:07.0: quirk: [io  0x4100-0x410f] claimed by PIIX4 SMB
[    3.961401] ACPI: PCI Interrupt Link [LNKA] (IRQs 5 9 10 *11)
[    3.978074] ACPI: PCI Interrupt Link [LNKB] (IRQs 5 9 *10 11)
[    3.997259] ACPI: PCI Interrupt Link [LNKC] (IRQs 5 *9 10 11)
[    4.017247] ACPI: PCI Interrupt Link [LNKD] (IRQs 5 9 10 *11)
[    4.040138] ACPI: Enabled 2 GPEs in block 00 to 07
[    4.075603] vgaarb: setting as boot device: PCI:0000:00:02.0
[    4.094021] vgaarb: device added: PCI:0000:00:02.0,decodes=io+mem,owns=io+mem,locks=none
[    4.117423] vgaarb: loaded
[    4.123410] vgaarb: bridge control possible 0000:00:02.0
[    4.147826] SCSI subsystem initialized
[    4.155288] ACPI: bus type USB registered
[    4.161819] usbcore: registered new interface driver usbfs
[    4.170957] usbcore: registered new interface driver hub
[    4.183185] usbcore: registered new device driver usb
[    4.191196] PCI: Using ACPI for IRQ routing
[    4.212698] NetLabel: Initializing
[    4.221749] NetLabel:  domain hash size = 128
[    4.231569] NetLabel:  protocols = UNLABELED CIPSOv4
[    4.240776] NetLabel:  unlabeled traffic allowed by default
[    4.249944] amd_nb: Cannot enumerate AMD northbridges
[    4.258003] clocksource: Switched to clocksource kvm-clock
[    4.289703] AppArmor: AppArmor Filesystem Enabled
[    4.303540] pnp: PnP ACPI init
[    4.315762] pnp: PnP ACPI: found 3 devices
[    4.334729] clocksource: acpi_pm: mask: 0xffffff max_cycles: 0xffffff, max_idle_ns: 2085701024 ns
[    4.372114] NET: Registered protocol family 2
[    4.380403] TCP established hash table entries: 8192 (order: 4, 65536 bytes)
[    4.396761] TCP bind hash table entries: 8192 (order: 5, 131072 bytes)
[    4.419698] TCP: Hash tables configured (established 8192 bind 8192)
[    4.438932] UDP hash table entries: 512 (order: 2, 16384 bytes)
[    4.452064] UDP-Lite hash table entries: 512 (order: 2, 16384 bytes)
[    4.465036] NET: Registered protocol family 1
[    4.485063] pci 0000:00:00.0: Limiting direct PCI/PCI transfers
[    4.505528] pci 0000:00:01.0: Activating ISA DMA hang workarounds
[    4.521882] Unpacking initramfs...
[    5.075874] Freeing initrd memory: 14800K
[    5.091780] platform rtc_cmos: registered platform RTC device (no PNP device found)
[    5.132392] Scanning for low memory corruption every 60 seconds
[    5.150789] audit: initializing netlink subsys (disabled)
[    5.169485] audit: type=2000 audit(1550695745.812:1): initialized
[    5.186088] Initialise system trusted keyring
[    5.198721] HugeTLB registered 2 MB page size, pre-allocated 0 pages
[    5.230220] zbud: loaded
[    5.251530] VFS: Disk quotas dquot_6.6.0
[    5.273013] VFS: Dquot-cache hash table entries: 512 (order 0, 4096 bytes)
[    5.288325] squashfs: version 4.0 (2009/01/31) Phillip Lougher
[    5.304085] fuse init (API version 7.23)
[    5.311904] Key type big_key registered
[    5.328339] Allocating IMA MOK and blacklist keyrings.
[    5.337175] Key type asymmetric registered
[    5.344630] Asymmetric key parser 'x509' registered
[    5.358093] Block layer SCSI generic (bsg) driver version 0.4 loaded (major 249)
[    5.374845] io scheduler noop registered
[    5.387402] io scheduler deadline registered (default)
[    5.395432] io scheduler cfq registered
[    5.404966] pci_hotplug: PCI Hot Plug PCI Core version: 0.5
[    5.419112] pciehp: PCI Express Hot Plug Controller Driver version: 0.4
[    5.436858] ACPI: AC Adapter [AC] (on-line)
[    5.455134] input: Power Button as /devices/LNXSYSTM:00/LNXPWRBN:00/input/input0
[    5.470868] ACPI: Power Button [PWRF]
[    5.489565] input: Sleep Button as /devices/LNXSYSTM:00/LNXSLPBN:00/input/input1
[    5.506597] ACPI: Sleep Button [SLPF]
[    5.522828] ACPI: Battery Slot [BAT0] (battery present)
[    5.533237] GHES: HEST is not enabled!
[    5.547213] Serial: 8250/16550 driver, 32 ports, IRQ sharing enabled
[    5.611376] 00:02: ttyS0 at I/O 0x3f8 (irq = 4, base_baud = 115200) is a 16550A
[    5.626643] Linux agpgart interface v0.103
[    5.641606] loop: module loaded
[    5.651263] scsi host0: ata_piix
[    5.668470] scsi host1: ata_piix
[    5.678663] ata1: PATA max UDMA/33 cmd 0x1f0 ctl 0x3f6 bmdma 0xd000 irq 14
[    5.688945] ata2: PATA max UDMA/33 cmd 0x170 ctl 0x376 bmdma 0xd008 irq 15
[    5.701726] libphy: Fixed MDIO Bus: probed
[    5.722168] tun: Universal TUN/TAP device driver, 1.6
[    5.741075] tun: (C) 1999-2004 Max Krasnyansky <maxk@qualcomm.com>
[    5.754208] PPP generic driver version 2.4.2
[    5.777472] ehci_hcd: USB 2.0 'Enhanced' Host Controller (EHCI) Driver
[    5.788611] ehci-pci: EHCI PCI platform driver
[    5.799379] ehci-platform: EHCI generic platform driver
[    5.810477] ohci_hcd: USB 1.1 'Open' Host Controller (OHCI) Driver
[    5.825726] ohci-pci: OHCI PCI platform driver
[    5.833005] ohci-platform: OHCI generic platform driver
[    5.852921] uhci_hcd: USB Universal Host Controller Interface driver
[    5.878231] i8042: PNP: PS/2 Controller [PNP0303:PS2K,PNP0f03:PS2M] at 0x60,0x64 irq 1,12
[    5.916568] serio: i8042 KBD port at 0x60,0x64 irq 1
[    5.935153] serio: i8042 AUX port at 0x60,0x64 irq 12
[    5.950506] mousedev: PS/2 mouse device common for all mice
[    5.973336] input: AT Translated Set 2 keyboard as /devices/platform/i8042/serio0/input/input2
[    6.020458] rtc_cmos rtc_cmos: rtc core: registered rtc_cmos as rtc0
[    6.042911] rtc_cmos rtc_cmos: alarms up to one day, 114 bytes nvram
[    6.087857] i2c /dev entries driver
[    6.102041] device-mapper: uevent: version 1.0.3
[    6.158268] device-mapper: ioctl: 4.34.0-ioctl (2015-10-28) initialised: dm-devel@redhat.com
[    6.214513] ledtrig-cpu: registered to indicate activity on CPUs
[    6.251549] NET: Registered protocol family 10
[    6.325098] NET: Registered protocol family 17
[    6.361024] Key type dns_resolver registered
[    6.402037] registered taskstats version 1
[    6.412439] Loading compiled-in X.509 certificates
[    6.452347] Loaded X.509 cert 'Build time autogenerated kernel key: bff73e56bc0efa7435b2a24f5427674623f1be80'
[    6.568437] zswap: loaded using pool lzo/zbud
[    6.617585] Key type trusted registered
[    6.651665] Key type encrypted registered
[    6.687973] AppArmor: AppArmor sha1 policy hashing enabled
[    6.742606] ima: No TPM chip found, activating TPM-bypass!
[    6.812953] ima: Allocated hash algorithm: sha1
[    6.841764] evm: HMAC attrs: 0x1
[    6.876214]   Magic number: 7:388:852
[    6.893115] rtc_cmos rtc_cmos: setting system clock to 2019-02-20 20:49:02 UTC (1550695742)
[    6.911218] BIOS EDD facility v0.16 2004-Jun-25, 0 devices found
[    6.925418] EDD information not available.
[    6.944955] Freeing unused kernel memory: 1484K
[    6.966078] Write protecting the kernel read-only data: 14336k
[    6.983685] Freeing unused kernel memory: 1624K
[    6.999376] Freeing unused kernel memory: 92K
Loading, please wait...
starting version 229
[    7.052047] random: systemd-udevd: uninitialized urandom read (16 bytes read, 5 bits of entropy available)
[    7.074537] random: udevadm: uninitialized urandom read (16 bytes read, 5 bits of entropy available)
[    7.112883] random: systemd-udevd: uninitialized urandom read (16 bytes read, 5 bits of entropy available)
[    7.149327] random: udevadm: uninitialized urandom read (16 bytes read, 5 bits of entropy available)
[    7.174652] random: systemd-udevd: uninitialized urandom read (16 bytes read, 5 bits of entropy available)
[    7.203065] random: systemd-udevd: uninitialized urandom read (16 bytes read, 5 bits of entropy available)
[    7.232560] random: systemd-udevd: uninitialized urandom read (16 bytes read, 5 bits of entropy available)
[    7.252743] random: udevadm: uninitialized urandom read (16 bytes read, 5 bits of entropy available)
[    7.269618] random: systemd-udevd: uninitialized urandom read (16 bytes read, 5 bits of entropy available)
[    7.285632] random: udevadm: uninitialized urandom read (16 bytes read, 5 bits of entropy available)
[    7.501587] Fusion MPT base driver 3.04.20
[    7.511449] Copyright (c) 1999-2008 LSI Corporation
[    7.527445] e1000: Intel(R) PRO/1000 Network Driver - version 7.3.21-k8-NAPI
[    7.548636] e1000: Copyright (c) 1999-2006 Intel Corporation.
[    7.685565] AVX version of gcm_enc/dec engaged.
[    7.693751] AES CTR mode by8 optimization enabled
[    7.722389] Fusion MPT SPI Host driver 3.04.20
[    7.803681] input: ImExPS/2 Generic Explorer Mouse as /devices/platform/i8042/serio1/input/input4
[    8.555234] e1000 0000:00:03.0 eth0: (PCI:33MHz:32-bit) 02:3e:59:1c:26:9a
[    8.567046] e1000 0000:00:03.0 eth0: Intel(R) PRO/1000 Network Connection
[    8.591236] e1000 0000:00:03.0 enp0s3: renamed from eth0
[    8.602693] mptbase: ioc0: Initiating bringup
[    8.683694] ioc0: LSI53C1030 A0: Capabilities={Initiator}
[    8.887937] scsi host2: ioc0: LSI53C1030 A0, FwRev=00000000h, Ports=1, MaxQ=256, IRQ=20
[    9.019629] scsi 2:0:0:0: Direct-Access     VBOX     HARDDISK         1.0  PQ: 0 ANSI: 5
[    9.034827] scsi target2:0:0: Beginning Domain Validation
[    9.057140] scsi target2:0:0: Domain Validation skipping write tests
[    9.069635] scsi target2:0:0: Ending Domain Validation
[    9.118743] scsi target2:0:0: asynchronous
[    9.140125] scsi 2:0:1:0: Direct-Access     VBOX     HARDDISK         1.0  PQ: 0 ANSI: 5
[    9.171851] scsi target2:0:1: Beginning Domain Validation
[    9.193824] scsi target2:0:1: Domain Validation skipping write tests
[    9.220729] scsi target2:0:1: Ending Domain Validation
[    9.239757] scsi target2:0:1: asynchronous
[    9.260387] sd 2:0:0:0: Attached scsi generic sg0 type 0
[    9.275017] sd 2:0:0:0: [sda] 20971520 512-byte logical blocks: (10.7 GB/10.0 GiB)
[    9.379686] sd 2:0:1:0: [sdb] 20480 512-byte logical blocks: (10.5 MB/10.0 MiB)
[    9.394901] sd 2:0:1:0: Attached scsi generic sg1 type 0
[    9.408676] sd 2:0:1:0: [sdb] Write Protect is off
[    9.423752] sd 2:0:0:0: [sda] Write Protect is off
[    9.433007] sd 2:0:1:0: [sdb] Incomplete mode parameter data
[    9.448713] sd 2:0:1:0: [sdb] Assuming drive cache: write through
[    9.465809] sd 2:0:0:0: [sda] Incomplete mode parameter data
[    9.473179] sd 2:0:0:0: [sda] Assuming drive cache: write through
[    9.534500]  sda: sda1
[    9.558651] sd 2:0:0:0: [sda] Attached SCSI disk
[    9.609045] sd 2:0:1:0: [sdb] Attached SCSI disk
Begin: Loading essential drivers ... [   12.971543] md: linear personality registered for level -1
[   12.998566] md: multipath personality registered for level -4
[   13.017361] md: raid0 personality registered for level 0
[   13.046367] md: raid1 personality registered for level 1
[   13.138139] raid6: sse2x1   gen()  2652 MB/s
[   13.214104] raid6: sse2x1   xor()  2235 MB/s
[   13.306928] raid6: sse2x2   gen()  4807 MB/s
[   13.382211] raid6: sse2x2   xor()  2981 MB/s
[   13.454368] raid6: sse2x4   gen()  5444 MB/s
[   13.534428] raid6: sse2x4   xor()  2333 MB/s
[   13.549074] raid6: using algorithm sse2x4 gen() 5444 MB/s
[   13.560847] raid6: .... xor() 2333 MB/s, rmw enabled
[   13.574661] raid6: using ssse3x2 recovery algorithm
[   13.587658] xor: automatically using best checksumming function:
[   13.634972]    avx       :  2412.000 MB/sec
[   13.657505] async_tx: api initialized (async)
[   13.709705] md: raid6 personality registered for level 6
[   13.730477] md: raid5 personality registered for level 5
[   13.747480] md: raid4 personality registered for level 4
[   13.786598] md: raid10 personality registered for level 10
done.
Begin: Running /scripts/init-premount ... done.
Begin: Mounting root file system ... Begin: Running /scripts/local-top ... done.
Begin: Running /scripts/local-premount ... [   13.938142] Btrfs loaded
Scanning for Btrfs filesystems
done.
Warning: fsck not present, so skipping root file system
[   14.097714] EXT4-fs (sda1): mounted filesystem with ordered data mode. Opts: (null)
done.
Begin: Running /scripts/local-bottom ... done.
Begin: Running /scripts/init-bottom ... done.
[   14.959547] systemd[1]: systemd 229 running in system mode. (+PAM +AUDIT +SELINUX +IMA +APPARMOR +SMACK +SYSVINIT +UTMP +LIBCRYPTSETUP +GCRYPT +GNUTLS +ACL +XZ -LZ4 +SECCOMP +BLKID +ELFUTILS +KMOD -IDN)
[   14.985357] systemd[1]: Detected virtualization oracle.
[   15.031930] systemd[1]: Detected architecture x86-64.
[   15.068132] random: nonblocking pool is initialized

Welcome to [1mUbuntu 16.04.5 LTS[0m!

[   15.107517] systemd[1]: Set hostname to <ubuntu>.
[   15.162002] systemd[1]: Initializing machine ID from random generator.
[   15.193553] systemd[1]: Installed transient /etc/machine-id file.
[   16.301204] systemd[1]: Reached target Encrypted Volumes.
[[0;32m  OK  [0m] Reached target Encrypted Volumes.
[   16.327804] systemd[1]: Listening on Syslog Socket.
[[0;32m  OK  [0m] Listening on Syslog Socket.
[   16.365830] systemd[1]: Reached target Swap.
[[0;32m  OK  [0m] Reached target Swap.
[   16.381237] systemd[1]: Listening on udev Kernel Socket.
[[0;32m  OK  [0m] Listening on udev Kernel Socket.
[   16.398750] systemd[1]: Listening on Journal Audit Socket.
[[0;32m  OK  [0m] Listening on Journal Audit Socket.
[   16.421901] systemd[1]: Listening on /dev/initctl Compatibility Named Pipe.
[[0;32m  OK  [0m] Listening on /dev/initctl Compatibility Named Pipe.
[   16.452433] systemd[1]: Listening on udev Control Socket.
[[0;32m  OK  [0m] Listening on udev Control Socket.
[   16.498630] systemd[1]: Set up automount Arbitrary Executable File Formats File System Automount Point.
[[0;32m  OK  [0m] Set up automount Arbitrary Executab...ats File System Automount Point.
[   16.529860] systemd[1]: Reached target System Time Synchronized.
[[0;32m  OK  [0m] Reached target System Time Synchronized.
[   16.563063] systemd[1]: Reached target User and Group Name Lookups.
[[0;32m  OK  [0m] Reached target User and Group Name Lookups.
[   16.590279] systemd[1]: Listening on LVM2 poll daemon socket.
[[0;32m  OK  [0m] Listening on LVM2 poll daemon socket.
[   16.622193] systemd[1]: Listening on Journal Socket.
[[0;32m  OK  [0m] Listening on Journal Socket.
[   16.662291] systemd[1]: Started Trigger resolvconf update for networkd DNS.
[[0;32m  OK  [0m] Started Trigger resolvconf update for networkd DNS.
[   16.698422] systemd[1]: Listening on LVM2 metadata daemon socket.
[[0;32m  OK  [0m] Listening on LVM2 metadata daemon socket.
[   16.751657] systemd[1]: Created slice System Slice.
[[0;32m  OK  [0m] Created slice System Slice.
[   16.785361] systemd[1]: Mounting POSIX Message Queue File System...
         Mounting POSIX Message Queue File System...
[   16.830676] systemd[1]: Mounting Debug File System...
         Mounting Debug File System...
[   16.875344] systemd[1]: Starting Uncomplicated firewall...
         Starting Uncomplicated firewall...
[   16.902314] systemd[1]: Starting Set console keymap...
         Starting Set console keymap...
[   16.938661] systemd[1]: Mounting Huge Pages File System...
         Mounting Huge Pages File System...
[   17.114881] systemd[1]: Starting Remount Root and Kernel File Systems...
         Starting Remount Root and Kernel File Systems...
[   17.140496] systemd[1]: Starting Nameserver information manager...
         Starting Nameser[   17.171491] EXT4-fs (sda1): re-mounted. Opts: (null)
ver information manager...
[   17.200270] systemd[1]: Created slice system-serial\x2dgetty.slice.
[[0;32m  OK  [0m] Created slice system-serial\x2dgetty.slice.
[   17.282565] systemd[1]: Starting Load Kernel Modules...
         Starting Load Kernel Modules...
[   17.319015] systemd[1]: Starting Create list of required static device nodes for the current kernel...
         Starting Create list of required st... nodes for the current kernel...
[   17.400154] systemd[1]: Listening on Journal Socket (/dev/log).
[[0;32m  OK  [0[   17.453313] Loading iSCSI transport class v2.0-870.
m] Listening on Journal Socket (/dev/log).
[   17.478407] systemd[1]: Starting Journal Service...
         Starting Journal Service...
[   17.518132] systemd[1]: Listening on Device-mapper event daemon FIFOs.
[[0;32m  OK  [0m] Listening on Device-mapper event daemon FIFOs.
[   17.553138] systemd[1]: Starting Monitoring of LVM2 mirrors, snapshots etc. using dmeventd or progress polling...
[   17.601003] iscsi: registered transport (tcp)
         Starting Monitoring of LVM2 mirrors... dmeventd or progress polling...
[   17.631686] systemd[1]: Created slice User and Session Slice.
[[0;32m  OK  [0m] Created slice User and Session Slice.
[   17.660982] systemd[1]: Reached target Slices.
[[0;32m  OK  [0m] Reached target Slices.
[   17.689515] systemd[1]: Started Forward Password Requests to Wall Directory Watch.
[[0;32m  OK  [0m] Started Forward Password Requests to Wall Directory Watch.
[   17.759633] systemd[1]: Mounted Debug File System.
[[0;32m  OK  [0m] Mounted Debug File System.
[   17.810433] systemd[1]: Mounted Huge Pages File System.
[[0;32m  OK  [0m] Mounted Huge Pages File System.
[   17.861772] systemd[1]: Mounted POSIX Message Queue File System.
[[0;32m  OK  [0m] Mounted POSIX Message Queue File System.
[   17.908869] systemd[1]: Started Uncomplicated firewall.
[[0;32m  OK  [0m] Started Uncomplicated firewall.
[   17.970981] systemd[1]: Started Set console keymap.
[[0;32m  OK  [0m] Started Set console keymap.
[   17.997170] systemd[1]: Started Remount Root and Kernel File Systems.
[[0;32m  OK  [0m] Started Remount Root and Kernel File Systems.
[   18.032113] systemd[1]: Started Create list of required static device nodes for the current kernel.
[   18.057760] iscsi: registered transport (iser)
[[0;32m  OK  [0m] Started Create list of required sta...ce nodes for the current kernel.
[   18.107587] systemd[1]: Started Load Kernel Modules.
[[0;32m  OK  [0m] Started Load Kernel Modules.
[   18.128897] systemd[1]: Started Nameserver information manager.
[[0;32m  OK  [0m] Started Nameserver information manager.
[   18.176324] systemd[1]: Started Journal Service.
[[0;32m  OK  [0m] Started Journal Service.
[[0;32m  OK  [0m] Started LVM2 metadata daemon.
         Mounting FUSE Control File System...
         Starting Apply Kernel Variables...
         Starting Create Static Device Nodes in /dev...
         Starting Load/Save Random Seed...
         Starting Flush Journal to Persistent Storage...
         Starting udev Coldplug all Devices...
[[0;32m  OK  [0m] Mounted FUSE Control File System.
[[0;32m  OK  [0m] Started Load/Save Random Seed.
[[0;32m  OK  [0m] Started Apply Kernel Variables.
[[0;32m  OK  [0m] Started Create Static Device Nodes in /dev.
[[0;32m  OK  [0m] Started Flush Journal to Persistent Storage.
[[0;32m  OK  [0m] Started udev Coldplug all Devices.
         Starting udev Kernel Device Manager...
[[0;32m  OK  [0m] Started Monitoring of LVM2 mirrors,...ng dmeventd or progress polling.
[[0;32m  OK  [0m] Reached target Local File Systems (Pre).
[[0;32m  OK  [0m] Reached target Local File Systems.
         Starting LSB: AppArmor initialization...
         Starting Set console font and keymap...
         Starting Tell Plymouth To Write Out Runtime Data...
         Starting Create Volatile Files and Directories...
         Starting Initial cloud-init job (pre-networking)...
         Starting Commit a transient machine-id on disk...
[[0;32m  OK  [0m] Started udev Kernel Device Manager.
[[0;32m  OK  [0m] Started Tell Plymouth To Write Out Runtime Data.
[[0;32m  OK  [0m] Started Commit a transient machine-id on disk.
[[0;32m  OK  [0m] Started Create Volatile Files and Directories.
         Starting Update UTMP about System Boot/Shutdown...
[[0;32m  OK  [0m] Started Dispatch Password Requests to Console Directory Watch.
[[0;32m  OK  [0m] Started Update UTMP about System Boot/Shutdown.
[[0;32m  OK  [0m] Found device /dev/ttyS0.
[[0;32m  OK  [0m] Listening on Load/Save RF Kill Switch Status /dev/rfkill Watch.
[[0;32m  OK  [0m] Started LSB: AppArmor initialization.[   27.481673] 
cloud-init[482]: Cloud-init v. 18.4-0ubuntu1~16.04.2 running 'init-local' at Wed, 20 Feb 2019 20:49:23 +0000. Up 25.23 seconds.
[[0;32m  OK  [0m] Started Initial cloud-init job (pre-networking).
[[0;32m  OK  [0m] Reached target Network (Pre).
         Starting Raise network interfaces...
[[0;32m  OK  [0m] Started Set console font and keymap.
[[0;32m  OK  [0m] Created slice system-getty.slice.
[[0;32m  OK  [0m] Started Raise network interfaces.
[[0;32m  OK  [0m] Reached target Network.
         Starting Initial cloud-init job (metadata service crawler)...
[   35.578557] cloud-init[938]: Cloud-init v. 18.4-0ubuntu1~16.04.2 running 'init' at Wed, 20 Feb 2019 20:49:31 +0000. Up 32.75 seconds.
[   35.605816] cloud-init[938]: ci-info: ++++++++++++++++++++++++++++++++++++++Net device info++++++++++++++++++++++++++++++++++++++
[   35.637025] cloud-init[938]: ci-info: +--------+------+----------------------------+---------------+--------+-------------------+
[   35.658259] cloud-init[938]: ci-info: | Device |  Up  |          Address           |      Mask     | Scope  |     Hw-Address    |
[   35.693721] cloud-init[938]: ci-info: +--------+------+----------------------------+---------------+--------+-------------------+
[   35.713696] cloud-init[938]: ci-info: | enp0s3 | True |         10.0.2.15          | 255.255.255.0 | global | 02:3e:59:1c:26:9a |
[   35.741524] cloud-init[938]: ci-info: | enp0s3 | True | fe80::3e:59ff:fe1c:269a/64 |       .       |  link  | 02:3e:59:1c:26:9a |
[   35.768252] cloud-init[938]: ci-info: |   lo   | True |         127.0.0.1          |   255.0.0.0   |  host  |         .         |
[   35.789405] cloud-init[938]: ci-info: |   lo   | True |          ::1/128           |       .       |  host  |         .         |
[   35.815738] cloud-init[938]: ci-info: +--------+------+----------------------------+---------------+--------+-------------------+
[   35.845399] cloud-init[938]: ci-info: +++++++++++++++++++++++++++Route IPv4 info++++++++++++++++++++++++++++
[[0;32m  OK  [0m[   35.874560] cloud-init[938]: ci-info: +-------+-------------+----------+---------------+-----------+-------+
[   35.884174] cloud-init[938]: ci-info: | Route | Destination | Gateway  |    Genmask    | Interface | Flags |
[   35.888889] cloud-init[938]: ci-info: +-------+-------------+----------+---------------+-----------+-------+
[   35.889092] cloud-init[938]: ci-info: |   0   |   0.0.0.0   | 10.0.2.2 |    0.0.0.0    |   enp0s3  |   UG  |
[   35.889323] cloud-init[938]: ci-info: |   1   |   10.0.2.0  | 0.0.0.0  | 255.255.255.0 |   enp0s3  |   U   |
[   35.889489] cloud-init[938]: ci-info: +-------+-------------+----------+---------------+-----------+-------+
[   35.889657] cloud-init[938]: ci-info: +++++++++++++++++++Route IPv6 info+++++++++++++++++++
[   35.889819] cloud-init[938]: ci-info: +-------+-------------+---------+-----------+-------+
[   35.889979] cloud-init[938]: ci-info: | Route | Destination | Gateway | Interface | Flags |
[   35.890143] cloud-init[938]: ci-info: +-------+-------------+---------+-----------+-------+
] Started Initial cloud-init job (metadata service crawler).
[   35.893673] cloud-init[938]: ci-info: |   0   |  fe80::/64  |    ::   |   enp0s3  |   U   |
[[0;32m  OK  [0m] Reached target System Initialization.[   36.015571] cloud-init[938]: ci-info: |   4   |   ff00::/8  |    ::   |   enp0s3  |   U   |
[   36.020905] cloud-init[938]: ci-info: +-------+-------------+---------+-----------+-------+
[   36.021033] cloud-init[938]: Generating public/private rsa key pair.
[   36.021113] cloud-init[938]: Your identification has been saved in /etc/ssh/ssh_host_rsa_key.
[   36.021203] cloud-init[938]: Your public key has been saved in /etc/ssh/ssh_host_rsa_key.pub.
[   36.021279] cloud-init[938]: The key fingerprint is:
[   36.021355] cloud-init[938]: SHA256:TL6fJQIWnl2PbeVjHMEr1pNX3kMmtvcmOA4Wr55lmJY root@ubuntu-xenial
[   36.021431] cloud-init[938]: The key's randomart image is:
[   36.021508] cloud-init[938]: +---[RSA 2048]----+
[   36.021582] cloud-init[938]: |             ..  |
[   36.022666] cloud-init[938]: |             o.+.|
[   36.022767] cloud-init[938]: |      . . . ..B+o|
[   36.022845] cloud-init[938]: |     . B ..+o==++|
[   36.022924] cloud-init[938]: |      = S .++o*oo|
[   36.022997] cloud-init[938]: |     . . .o=+...o|
[   36.023079] cloud-init[938]: |        o.E++. o |
[   36.023154] cloud-init[938]: |         +.B.    |
[   36.023227] cloud-init[938]: |         .=      |
[   36.023302] cloud-init[938]: +----[SHA256]-----+
[   36.023376] cloud-init[938]: Generating public/private dsa key pair.
[   36.023450] cloud-init[938]: Your identification has been saved in /etc/ssh/ssh_host_dsa_key.
[   36.023529] cloud-init[938]: Your public key has been saved in /etc/ssh/ssh_host_dsa_key.pub.
[   36.023668] cloud-init[938]: The key fingerprint is:
[   36.023766] cloud-init[938]: SHA256:EzZlbg12UNvEcsymDqH12L4lp0btO/5fG8aRpnDMd5M root@ubuntu-xenial
[   36.023843] cloud-init[938]: The key's randomart image is:
[   36.023916] cloud-init[938]: +---[DSA 1024]----+
[   36.023993] cloud-init[938]: |          *oo+.  |
[   36.024067] cloud-init[938]: |         =o+.+*  |
[   36.024139] cloud-init[938]: |        +oo=o=.  |
[   36.024221] cloud-init[938]: |       ..+o *   o|
[   36.024315] cloud-init[938]: |        S  = = E.|
[   36.024410] cloud-init[938]: |         .  B O +|
[   36.024488] cloud-init[938]: |           . O +.|
[   36.024561] cloud-init[938]: |            + + +|

[   36.024798] cloud-init[938]: |           . .o=+|
[   36.282820] cloud-init[938]: +----[SHA256]-----+
[   36.293493] cloud-init[938]: Generating public/private ecdsa key pair.
[   36.305219] cloud-init[938]: Your identification has been saved in /etc/ssh/ssh_host_ecdsa_key.
[   36.320598]          Starting LXD - unix socket.
[[0;32m  OK  [0m] Listening on ACPID Listen Socket.
[[0;32m  OK  [0m] Listening on D-Bus System Message Bus Socket.
         Starting Socket activation for snappy daemon.
[[0;32m  OK  [0m] Listening on UUID daemon activation socket.
[[0;32m  OK  [0m] Started Daily apt download activities.
[[0;32m  OK  [0m] Started Daily apt upgrade and clean activities.
cloud-init[938]: Your public key has been saved in /etc/ssh/ssh_host_ecdsa_key.pub.
[   36.384971] cloud-init[938]: The key fingerprint is:
[   36.386124] cloud-init[938]: SHA256:HDmaNkXSBag6yAYwEkNATPfsG4xNGaTc9HWGBlDzFnw root@ubuntu-xenial
[   36.386219] cloud-init[938]: The key's randomart image is:
[   36.386294] cloud-init[938]: +---[ECDSA 256]---+
[   36.386463] cloud-init[938]: |X= ..=+*==oo     |
[   36.386554] cloud-init[938]: |+oo * =o==+E     |
[   36.386628] cloud-init[938]: |o. o B .*o.      |
[   36.386704] cloud-init[938]: |.   B  =.o       |
[   36.386778] cloud-init[938]: |o. o == S        |
[   36.386850] cloud-init[938]: |.oo  .o.         |
[   36.386923] cloud-init[938]: |.  . .           |
[   36.386995] cloud-init[938]: |                 |
[   36.387067] cloud-init[938]: |                 |
[   36.387140] cloud-init[938]: +----[SHA256]-----+
[   36.387219] cloud-init[938]: Generating public/private ed25519 key pair.
[   36.387293] cloud-init[938]: Your identification has been saved in /etc/ssh/ssh_host_ed25519_key.
[   36.387487] cloud-init[938]: Your public key has been saved in /etc/ssh/ssh_host_ed25519_key.pub.
[   36.387566] cloud-init[938]: The key fingerprint is:
[   36.387642] cloud-init[938]: SHA256:tLYcHzZhCv7wHUbYMZaWJsxG9FLqnUTwSXwO91osCyk root@ubuntu-xenial
[   36.387865] cloud-init[938]: The key's randomart image is:
[   36.387955] cloud-init[938]: +--[ED25519 256]--+
[   36.388030] cloud-init[938]: |       =+oBo     |
[   36.388104] cloud-init[938]: |        =@B+o    |
[   36.388180] cloud-init[938]: |      ..=+X* o   |
[   36.388254] cloud-init[938]: |     . +EOooo +  |
[[0;32m  OK  [0m] Started ACPI Events Check.
[[0;32m  OK  [0m] [   36.388521] cloud-init[938]: |      o S.O. =   |
[   36.578549] cloud-init[938]: |       * B +o    |
[   36.578640] cloud-init[938]: |        = o      |
[   36.578716] cloud-init[938]: |                 |
[   36.579291] cloud-init[938]: |                 |
[   36.579376] cloud-init[938]: +----[SHA256]-----+
Reached target Paths.
[[0;32m  OK  [0m] Started Daily Cleanup of Temporary Directories.
[[0;32m  OK  [0m] Reached target Timers.
[[0;32m  OK  [0m] Reached target Cloud-config availability.
[[0;32m  OK  [0m] Reached target Network is Online.
         Starting iSCSI initiator daemon (iscsid)...
[[0;32m  OK  [0m] Listening on LXD - unix socket.
[[0;32m  OK  [0m] Listening on Socket activation for snappy daemon.
[[0;32m  OK  [0m] Reached target Sockets.
[[0;32m  OK  [0m] Reached target Basic System.
[[0;32m  OK  [0m] Started ACPI event daemon.
[[0;32m  OK  [0m] Started FUSE filesystem for LXC.
         Starting Pollinate to seed the pseudo random number generator...
         Starting LSB: MD monitoring daemon...
         Starting /etc/rc.local Compatibility...
         Starting LSB: Record successful boot for GRUB...
         Starting Accounts Service...
         Starting Login Service...
[[0;32m  OK  [0m] Started D-Bus System Message Bus.
[[0;32m  OK  [0m] Started Regular background program processing daemon.
[[0;32m  OK  [0m] Started Unattended Upgrades Shutdown.
         Starting Virtualbox guest utils...
[[0;32m  OK  [0m] Started Deferred execution scheduler.
         Starting System Logging Service...
         Starting Snappy daemon...
         Starting LXD - container startup/shutdown...
[[0;32m  OK  [0m] Started /etc/rc.local Compatibility.
[[0;32m  OK  [0m] Started iSCSI initiator daemon (iscsid).
[[0;32m  OK  [0m] Started Login Service.
         Starting Authenticate and Authorize Users to Run Privileged Tasks...
         Starting Login to default iSCSI targets...
[[0;32m  OK  [0m] Started LSB: Record successful boot for GRUB.
[[0;32m  OK  [0m] Started System Logging Service.
[[0;32m  OK  [0m] Started LSB: MD monitoring daemon.
[[0;32m  OK  [0m] Started Login to default iSCSI targets.
[[0;32m  OK  [0m] Reached target Remote File Systems (Pre).
[[0;32m  OK  [0m] Reached target Remote File Systems.
         Starting LSB: daemon to balance interrupts for SMP systems...
         Starting LSB: Set the CPU Frequency Scaling governor to "ondemand"...
         Starting LSB: automatic crash report generation...
         Starting Permit User Sessions...
[[0;32m  OK  [0m] Started Permit User Sessions.
         Starting Terminate Plymouth Boot Screen...
         Starting Hold until boot process finishes up...
[[0;32m  OK  [0m] Started Authenticate and Authorize Users to Run Privileged Tasks.
[[0;32m  OK  [0m] Started Terminate Plymouth Boot Screen.
[[0;32m  OK  [0m] Started LSB: Set the CPU Frequency Scaling governor to "ondemand".
[[0;32m  OK  [0m] Started Hold until boot process finishes up.
[[0;32m  OK  [0m] Started Accounts Service.
[[0;32m  OK  [0m] Started Serial Getty on ttyS0.
[[0;32m  OK  [0m] Started Getty on tty1.
[[0;32m  OK  [0m] Reached target Login Prompts.
         Starting Set console scheme...
[[0;32m  OK  [0m] Started LSB: daemon to balance interrupts for SMP systems.
[[0;32m  OK  [0m] Started LSB: automatic crash report generation.
[[0;32m  OK  [0m] Started Set console scheme.
[[0;32m  OK  [0m] Started Virtualbox guest utils.
[[0;32m  OK  [0m] Started LXD - container startup/shutdown.
[[0;32m  OK  [0m] Started Snappy daemon.
         Starting Wait until snapd is fully seeded...
[[0;32m  OK  [0m] Started Pollinate to seed the pseudo random number generator.
         Starting OpenBSD Secure Shell server...
[[0;32m  OK  [0m] Started OpenBSD Secure Shell server.
[[0;32m  OK  [0m] Created slice User Slice of vagrant.
         Starting User Manager for UID 1000...
[[0;32m  OK  [0m] Started Session 1 of user vagrant.
[[0;32m  OK  [0m] Started User Manager for UID 1000.

Ubuntu 16.04.5 LTS ubuntu-xenial ttyS0

ubuntu-xenial login: [   51.280577] cloud-init[1398]: Generating locales (this might take a while)...
[   54.636087] cloud-init[1398]:   en_US.UTF-8... done
[   54.646727] cloud-init[1398]: Generation complete.
[   56.399750] cloud-init[1398]: Cloud-init v. 18.4-0ubuntu1~16.04.2 running 'modules:config' at Wed, 20 Feb 2019 20:49:49 +0000. Up 50.70 seconds.
ci-info: no authorized ssh keys fingerprints found for user ubuntu.
<14>Feb 20 20:49:56 ec2: 
<14>Feb 20 20:49:56 ec2: #############################################################
<14>Feb 20 20:49:56 ec2: -----BEGIN SSH HOST KEY FINGERPRINTS-----
<14>Feb 20 20:49:56 ec2: 1024 SHA256:EzZlbg12UNvEcsymDqH12L4lp0btO/5fG8aRpnDMd5M root@ubuntu-xenial (DSA)
<14>Feb 20 20:49:56 ec2: 256 SHA256:HDmaNkXSBag6yAYwEkNATPfsG4xNGaTc9HWGBlDzFnw root@ubuntu-xenial (ECDSA)
<14>Feb 20 20:49:56 ec2: 256 SHA256:tLYcHzZhCv7wHUbYMZaWJsxG9FLqnUTwSXwO91osCyk root@ubuntu-xenial (ED25519)
<14>Feb 20 20:49:56 ec2: 2048 SHA256:TL6fJQIWnl2PbeVjHMEr1pNX3kMmtvcmOA4Wr55lmJY root@ubuntu-xenial (RSA)
<14>Feb 20 20:49:56 ec2: -----END SSH HOST KEY FINGERPRINTS-----
<14>Feb 20 20:49:56 ec2: #############################################################
-----BEGIN SSH HOST KEY KEYS-----
ecdsa-sha2-nistp256 AAAAE2VjZHNhLXNoYTItbmlzdHAyNTYAAAAIbmlzdHAyNTYAAABBBOOoxhQtFmnDc8/KasGIp/XlteUTLjXIFVtz7EnANbRkziwkw/iCEZQViplrDthvaZX1t/pRAirPtf8xvx7USJc= root@ubuntu-xenial
ssh-ed25519 AAAAC3NzaC1lZDI1NTE5AAAAIAXwmdKz2S34yTESj6Lt5Iv15Hf+cvX19R/cwVVxfw9t root@ubuntu-xenial
ssh-rsa AAAAB3NzaC1yc2EAAAADAQABAAABAQDFr6OVrfH9r9jL/Y12DzrVr4/KRe6qlNoZnhmQeOPp23Sem8L8V9/HAvDSNrTpWuqbDAyWaNnVpqMYDn5vQeSPuwTdjlBHWmyRNyP8KTNKIvUzmsBK72rAP0SQO4bN2ReIMhgaYKhif39zU9T1PWpZ6BrfCcO2OnVs19shJkQA6KS0mnE1mKpeGTeY7qCw4JK7pYHhN3gO0+qGNNuGiKgAoSYnhvwGTuB238awI6uMY/EygD1wHqxlCe2gYITX1ziR6JjCS75Gc6YmdNR6Ao5ckD6SsCrxz17w2udlw0F0PN1B94OWBXrbRga6sD8bDhpE7EzbZ8X1M3sMtIrkMdiv root@ubuntu-xenial
-----END SSH HOST KEY KEYS-----
[   58.135023] cloud-init[1607]: Cloud-init v. 18.4-0ubuntu1~16.04.2 running 'modules:final' at Wed, 20 Feb 2019 20:49:56 +0000. Up 57.66 seconds.
[   58.135369] cloud-init[1607]: ci-info: no authorized ssh keys fingerprints found for user ubuntu.
[   58.135586] cloud-init[1607]: Cloud-init v. 18.4-0ubuntu1~16.04.2 finished at Wed, 20 Feb 2019 20:49:56 +0000. Datasource DataSourceNoCloud [seed=/dev/sdb][dsmode=net].  Up 58.09 seconds
